2022-01-24 01:17:16,720 CRITICAL config_client_log.py Критическая ошибка
2022-01-24 01:17:16,721 ERROR config_client_log.py Ошибка
2022-01-24 01:17:16,721 DEBUG config_client_log.py Отладочная информация
2022-01-24 01:17:16,721 INFO config_client_log.py Информационное сообщение
2022-01-24 19:47:23,774 DEBUG loging_decos.py Была вызвана функция ClientApp c параметрами (), {}. Вызов из модуля __main__. Вызов из функции ClientApp().main().Вызов из функции <module>
2022-01-24 19:47:23,775 INFO client.py Запущен клиент с парамертами:
  адрес сервера: 192.168.0.48,
 порт: 8888
2022-01-24 19:48:35,290 DEBUG loging_decos.py Была вызвана функция ClientApp c параметрами (), {}. Вызов из модуля __main__. Вызов из функции ClientApp().main().Вызов из функции <module>
2022-01-24 19:48:35,290 INFO client.py Запущен клиент с парамертами:
  адрес сервера: 192.168.0.48,
 порт: 8888
2022-01-24 19:48:35,291 DEBUG loging_decos.py Была вызвана функция ClientApp c параметрами (), {}. Вызов из модуля __main__. Вызов из функции ClientApp().main().Вызов из функции main
2022-01-24 19:48:35,292 DEBUG client.py Сформировано presence сообщение для пользователя <__main__.ClientApp object at 0x1097d5760>
2022-01-24 19:49:03,017 DEBUG loging_decos.py Была вызвана функция ClientApp c параметрами (), {}. Вызов из модуля __main__. Вызов из функции ClientApp().main().Вызов из функции <module>
2022-01-24 19:49:03,017 INFO client.py Запущен клиент с парамертами:
  адрес сервера: 192.168.0.48,
 порт: 8888
2022-01-24 19:49:03,018 DEBUG loging_decos.py Была вызвана функция ClientApp c параметрами (), {}. Вызов из модуля __main__. Вызов из функции ClientApp().main().Вызов из функции main
2022-01-24 19:49:03,018 DEBUG client.py Сформировано presence сообщение для пользователя <__main__.ClientApp object at 0x108db5760>
2022-01-24 19:51:24,498 DEBUG loging_decos.py Была вызвана функция ClientApp c параметрами (), {}. Вызов из модуля __main__. Вызов из функции main().Вызов из функции <module>
2022-01-24 19:51:28,779 INFO client.py Запущен клиент с парамертами:
  адрес сервера: 192.168.0.48,
 порт: 8888
2022-01-24 19:51:37,057 DEBUG loging_decos.py Была вызвана функция ClientApp c параметрами (), {}. Вызов из модуля __main__. Вызов из функции main().Вызов из функции main
2022-01-24 19:51:43,668 DEBUG client.py Сформировано presence сообщение для пользователя <__main__.ClientApp object at 0x102c5ffd0>
2022-01-24 19:54:06,180 DEBUG loging_decos.py Была вызвана функция ClientApp c параметрами (), {}. Вызов из модуля __main__. Вызов из функции main().Вызов из функции <module>
2022-01-24 19:54:08,643 INFO client.py Запущен клиент с парамертами:
  адрес сервера: 192.168.0.48,
 порт: 8888
2022-01-24 19:56:29,912 DEBUG loging_decos.py Была вызвана функция ClientApp c параметрами (), {}. Вызов из модуля __main__. Вызов из функции main().Вызов из функции <module>
2022-01-24 19:56:34,198 INFO client.py Запущен клиент с парамертами:
  адрес сервера: 192.168.0.48,
 порт: 8888
2022-01-24 19:57:35,258 DEBUG loging_decos.py Была вызвана функция ClientApp c параметрами (), {}. Вызов из модуля __main__. Вызов из функции main().Вызов из функции <module>
2022-01-24 19:57:37,948 INFO client.py Запущен клиент с парамертами:
  адрес сервера: 192.168.0.48,
 порт: 8888
2022-01-24 19:57:37,952 DEBUG client.py Сформировано presence сообщение для пользователя <__main__.ClientApp object at 0x106beb280>
